<ФайлПФР>
    <ИмяФайла>
        <НазваниеФормата>fb2</НазваниеФормата>
        <НазваниеПрограммы/>
    </ИмяФайла>
    <ТипФайла>
        <Запрос name="Имя" version="2.0"/>
        <ОписаниеТиповФайла>Внешний</ОписаниеТиповФайла>
        <!-- <Запрос/> -->
    </ТипФайла>
    <ТипФайла>
        <ОписаниеТиповФайла>Встроенный</ОписаниеТиповФайла>
        <Запрос/>
    </ТипФайла>
</ФайлПФР>